[ 2014-12-20T22:26:41+08:00 ] 127.0.0.1 /jwcdd/index.php/User/user_dd
INFO: [ route_check ] --START--
INFO: CheckRoute Behavior ::run [ RunTime:0.000989s ]
INFO: [ route_check ] --END-- [ RunTime:0.001072s ]
INFO: [ app_begin ] --START--
INFO: ReadHtmlCache Behavior ::run [ RunTime:0.000751s ]
INFO: [ app_begin ] --END-- [ RunTime:0.000817s ]
SQL: SHOW COLUMNS FROM `dd_dd` [ RunTime:0.002187s ]
SQL: SELECT dd_Users.uid,`teaid`,`name`,`title`,`college`,`idcard`,`mobi`,`phone`,`email`,`pos`,`group`,`did` FROM `dd_dd` LEFT JOIN dd_Users on dd_Dd.uid = dd_Users.uid WHERE ( `year` = 2014 ) AND ( `term` = '秋季' ) ORDER BY `group` asc, pos desc  [ RunTime:0.001075s ]
SQL: SHOW COLUMNS FROM `dd_users` [ RunTime:0.002126s ]
SQL: SELECT `uid`,`teaid`,`name`,`college`,`title`,`idcard`,`phone`,`mobi`,`email` FROM `dd_users` WHERE ( `role` = 2 ) AND ( `uid` NOT IN ('1','3','11','8') ) ORDER BY uid asc  [ RunTime:0.000799s ]
SQL: SHOW COLUMNS FROM `dd_dgroup` [ RunTime:0.001816s ]
SQL: SELECT * FROM `dd_dgroup`  [ RunTime:0.001349s ]
INFO: [ view_parse ] --START--
INFO: ParseTemplate Behavior ::run [ RunTime:0.025517s ]
INFO: [ view_parse ] --END-- [ RunTime:0.025603s ]
INFO: [ view_filter ] --START--
INFO: ContentReplace Behavior ::run [ RunTime:0.000804s ]
INFO: TokenBuild Behavior ::run [ RunTime:0.000805s ]
INFO: WriteHtmlCache Behavior ::run [ RunTime:0.000556s ]
INFO: ShowRuntime Behavior ::run [ RunTime:0.001645s ]
INFO: [ view_filter ] --END-- [ RunTime:0.003968s ]
INFO: [ view_end ] --START--
INFO: ShowPageTrace Behavior ::run [ RunTime:0.000831s ]
INFO: [ view_end ] --END-- [ RunTime:0.000888s ]

[ 2014-12-20T22:26:44+08:00 ] 127.0.0.1 /jwcdd/index.php/User/user_info/uid/3.html
INFO: [ route_check ] --START--
INFO: CheckRoute Behavior ::run [ RunTime:0.001178s ]
INFO: [ route_check ] --END-- [ RunTime:0.001266s ]
INFO: [ app_begin ] --START--
INFO: ReadHtmlCache Behavior ::run [ RunTime:0.000770s ]
INFO: [ app_begin ] --END-- [ RunTime:0.000830s ]
SQL: SHOW COLUMNS FROM `dd_users` [ RunTime:0.002222s ]
SQL: SELECT `uid`,`teaid`,`name`,`college`,`title`,`idcard`,`phone`,`mobi`,`email`,`role` FROM `dd_users` WHERE ( `uid` = 3 )  [ RunTime:0.000852s ]
INFO: [ view_parse ] --START--
NOTIC: [8] Use of undefined constant User - assumed 'User' F:\wamp\www\jwcdd\jwcdd\Runtime\Cache\2fa7e47840e2ab522acc0e31c7a54853.php 第 400 行.
NOTIC: [8] Use of undefined constant editUser - assumed 'editUser' F:\wamp\www\jwcdd\jwcdd\Runtime\Cache\2fa7e47840e2ab522acc0e31c7a54853.php 第 400 行.
NOTIC: [2] Division by zero F:\wamp\www\jwcdd\jwcdd\Runtime\Cache\2fa7e47840e2ab522acc0e31c7a54853.php 第 400 行.
INFO: ParseTemplate Behavior ::run [ RunTime:0.020165s ]
INFO: [ view_parse ] --END-- [ RunTime:0.020246s ]
INFO: [ view_filter ] --START--
INFO: ContentReplace Behavior ::run [ RunTime:0.000843s ]
INFO: TokenBuild Behavior ::run [ RunTime:0.000775s ]
INFO: WriteHtmlCache Behavior ::run [ RunTime:0.000554s ]
INFO: ShowRuntime Behavior ::run [ RunTime:0.000718s ]
INFO: [ view_filter ] --END-- [ RunTime:0.003044s ]
INFO: [ view_end ] --START--
INFO: ShowPageTrace Behavior ::run [ RunTime:0.000814s ]
INFO: [ view_end ] --END-- [ RunTime:0.000867s ]

[ 2014-12-20T22:26:46+08:00 ] 127.0.0.1 /jwcdd/index.php/User/user_info.html
INFO: [ route_check ] --START--
INFO: CheckRoute Behavior ::run [ RunTime:0.000912s ]
INFO: [ route_check ] --END-- [ RunTime:0.001076s ]
INFO: [ app_begin ] --START--
INFO: ReadHtmlCache Behavior ::run [ RunTime:0.000623s ]
INFO: [ app_begin ] --END-- [ RunTime:0.000684s ]
SQL: SHOW COLUMNS FROM `dd_users` [ RunTime:0.002243s ]
SQL: SELECT `uid`,`teaid`,`name`,`college`,`title`,`idcard`,`phone`,`mobi`,`email`,`role` FROM `dd_users` WHERE ( `uid` = -1 )  [ RunTime:0.000907s ]
INFO: [ view_parse ] --START--
NOTIC: [8] Use of undefined constant User - assumed 'User' F:\wamp\www\jwcdd\jwcdd\Runtime\Cache\2fa7e47840e2ab522acc0e31c7a54853.php 第 400 行.
NOTIC: [8] Use of undefined constant editUser - assumed 'editUser' F:\wamp\www\jwcdd\jwcdd\Runtime\Cache\2fa7e47840e2ab522acc0e31c7a54853.php 第 400 行.
NOTIC: [2] Division by zero F:\wamp\www\jwcdd\jwcdd\Runtime\Cache\2fa7e47840e2ab522acc0e31c7a54853.php 第 400 行.
INFO: ParseTemplate Behavior ::run [ RunTime:0.015935s ]
INFO: [ view_parse ] --END-- [ RunTime:0.016011s ]
INFO: [ view_filter ] --START--
INFO: ContentReplace Behavior ::run [ RunTime:0.000398s ]
INFO: TokenBuild Behavior ::run [ RunTime:0.000423s ]
INFO: WriteHtmlCache Behavior ::run [ RunTime:0.000205s ]
INFO: ShowRuntime Behavior ::run [ RunTime:0.000374s ]
INFO: [ view_filter ] --END-- [ RunTime:0.001551s ]
INFO: [ view_end ] --START--
INFO: ShowPageTrace Behavior ::run [ RunTime:0.000444s ]
INFO: [ view_end ] --END-- [ RunTime:0.000495s ]

[ 2014-12-20T22:27:48+08:00 ] 127.0.0.1 /jwcdd/index.php/User/user_info.html
INFO: [ route_check ] --START--
INFO: CheckRoute Behavior ::run [ RunTime:0.000665s ]
INFO: [ route_check ] --END-- [ RunTime:0.000747s ]
INFO: [ app_begin ] --START--
INFO: ReadHtmlCache Behavior ::run [ RunTime:0.000425s ]
INFO: [ app_begin ] --END-- [ RunTime:0.000481s ]
SQL: SHOW COLUMNS FROM `dd_users` [ RunTime:0.002392s ]
SQL: SELECT `uid`,`teaid`,`name`,`college`,`title`,`idcard`,`phone`,`mobi`,`email`,`role` FROM `dd_users` WHERE ( `uid` = -1 )  [ RunTime:0.000972s ]
INFO: [ view_parse ] --START--
INFO: ParseTemplate Behavior ::run [ RunTime:0.020112s ]
INFO: [ view_parse ] --END-- [ RunTime:0.020202s ]
INFO: [ view_filter ] --START--
INFO: ContentReplace Behavior ::run [ RunTime:0.000431s ]
INFO: TokenBuild Behavior ::run [ RunTime:0.000434s ]
INFO: WriteHtmlCache Behavior ::run [ RunTime:0.000215s ]
INFO: ShowRuntime Behavior ::run [ RunTime:0.000391s ]
INFO: [ view_filter ] --END-- [ RunTime:0.001627s ]
INFO: [ view_end ] --START--
INFO: ShowPageTrace Behavior ::run [ RunTime:0.000467s ]
INFO: [ view_end ] --END-- [ RunTime:0.000519s ]

[ 2014-12-20T22:28:08+08:00 ] 127.0.0.1 /jwcdd/index.php/User/user_dd
INFO: [ route_check ] --START--
INFO: CheckRoute Behavior ::run [ RunTime:0.001078s ]
INFO: [ route_check ] --END-- [ RunTime:0.001172s ]
INFO: [ app_begin ] --START--
INFO: ReadHtmlCache Behavior ::run [ RunTime:0.000810s ]
INFO: [ app_begin ] --END-- [ RunTime:0.000877s ]
SQL: SHOW COLUMNS FROM `dd_dd` [ RunTime:0.002247s ]
SQL: SELECT dd_Users.uid,`teaid`,`name`,`title`,`college`,`idcard`,`mobi`,`phone`,`email`,`pos`,`group`,`did` FROM `dd_dd` LEFT JOIN dd_Users on dd_Dd.uid = dd_Users.uid WHERE ( `year` = 2014 ) AND ( `term` = '秋季' ) ORDER BY `group` asc, pos desc  [ RunTime:0.001066s ]
SQL: SHOW COLUMNS FROM `dd_users` [ RunTime:0.001908s ]
SQL: SELECT `uid`,`teaid`,`name`,`college`,`title`,`idcard`,`phone`,`mobi`,`email` FROM `dd_users` WHERE ( `role` = 2 ) AND ( `uid` NOT IN ('1','3','11','8') ) ORDER BY uid asc  [ RunTime:0.000733s ]
SQL: SHOW COLUMNS FROM `dd_dgroup` [ RunTime:0.001804s ]
SQL: SELECT * FROM `dd_dgroup`  [ RunTime:0.000742s ]
INFO: [ view_parse ] --START--
INFO: ParseTemplate Behavior ::run [ RunTime:0.025064s ]
INFO: [ view_parse ] --END-- [ RunTime:0.025152s ]
INFO: [ view_filter ] --START--
INFO: ContentReplace Behavior ::run [ RunTime:0.000855s ]
INFO: TokenBuild Behavior ::run [ RunTime:0.000836s ]
INFO: WriteHtmlCache Behavior ::run [ RunTime:0.000561s ]
INFO: ShowRuntime Behavior ::run [ RunTime:0.000723s ]
INFO: [ view_filter ] --END-- [ RunTime:0.003131s ]
INFO: [ view_end ] --START--
INFO: ShowPageTrace Behavior ::run [ RunTime:0.000787s ]
INFO: [ view_end ] --END-- [ RunTime:0.000848s ]

[ 2014-12-20T22:28:11+08:00 ] 127.0.0.1 /jwcdd/index.php/User/user_info/uid/3.html
INFO: [ route_check ] --START--
INFO: CheckRoute Behavior ::run [ RunTime:0.000643s ]
INFO: [ route_check ] --END-- [ RunTime:0.000725s ]
INFO: [ app_begin ] --START--
INFO: ReadHtmlCache Behavior ::run [ RunTime:0.000422s ]
INFO: [ app_begin ] --END-- [ RunTime:0.000478s ]
SQL: SHOW COLUMNS FROM `dd_users` [ RunTime:0.002413s ]
SQL: SELECT `uid`,`teaid`,`name`,`college`,`title`,`idcard`,`phone`,`mobi`,`email`,`role` FROM `dd_users` WHERE ( `uid` = 3 )  [ RunTime:0.000859s ]
INFO: [ view_parse ] --START--
INFO: ParseTemplate Behavior ::run [ RunTime:0.015885s ]
INFO: [ view_parse ] --END-- [ RunTime:0.015971s ]
INFO: [ view_filter ] --START--
INFO: ContentReplace Behavior ::run [ RunTime:0.000393s ]
INFO: TokenBuild Behavior ::run [ RunTime:0.000425s ]
INFO: WriteHtmlCache Behavior ::run [ RunTime:0.000204s ]
INFO: ShowRuntime Behavior ::run [ RunTime:0.000371s ]
INFO: [ view_filter ] --END-- [ RunTime:0.001543s ]
INFO: [ view_end ] --START--
INFO: ShowPageTrace Behavior ::run [ RunTime:0.000478s ]
INFO: [ view_end ] --END-- [ RunTime:0.000529s ]

[ 2014-12-20T22:28:12+08:00 ] 127.0.0.1 /jwcdd/index.php/User/editUser.html
INFO: [ route_check ] --START--
INFO: CheckRoute Behavior ::run [ RunTime:0.000980s ]
INFO: [ route_check ] --END-- [ RunTime:0.001060s ]
INFO: [ app_begin ] --START--
INFO: ReadHtmlCache Behavior ::run [ RunTime:0.000822s ]
INFO: [ app_begin ] --END-- [ RunTime:0.000885s ]
SQL: SHOW COLUMNS FROM `dd_users` [ RunTime:0.002169s ]
NOTIC: 建议使用I方法替代_post
NOTIC: 建议使用I方法替代_post
NOTIC: 建议使用I方法替代_post
NOTIC: 建议使用I方法替代_post
NOTIC: 建议使用I方法替代_post
NOTIC: 建议使用I方法替代_post
NOTIC: 建议使用I方法替代_post
NOTIC: 建议使用I方法替代_post

[ 2014-12-20T22:28:15+08:00 ] 127.0.0.1 /jwcdd/index.php/User/user_info/uid/3.html
INFO: [ route_check ] --START--
INFO: CheckRoute Behavior ::run [ RunTime:0.000692s ]
INFO: [ route_check ] --END-- [ RunTime:0.000773s ]
INFO: [ app_begin ] --START--
INFO: ReadHtmlCache Behavior ::run [ RunTime:0.000571s ]
INFO: [ app_begin ] --END-- [ RunTime:0.000656s ]
SQL: SHOW COLUMNS FROM `dd_users` [ RunTime:0.002210s ]
SQL: SELECT `uid`,`teaid`,`name`,`college`,`title`,`idcard`,`phone`,`mobi`,`email`,`role` FROM `dd_users` WHERE ( `uid` = 3 )  [ RunTime:0.001106s ]
INFO: [ view_parse ] --START--
INFO: ParseTemplate Behavior ::run [ RunTime:0.020437s ]
INFO: [ view_parse ] --END-- [ RunTime:0.020524s ]
INFO: [ view_filter ] --START--
INFO: ContentReplace Behavior ::run [ RunTime:0.000783s ]
INFO: TokenBuild Behavior ::run [ RunTime:0.000771s ]
INFO: WriteHtmlCache Behavior ::run [ RunTime:0.000553s ]
INFO: ShowRuntime Behavior ::run [ RunTime:0.000746s ]
INFO: [ view_filter ] --END-- [ RunTime:0.003010s ]
INFO: [ view_end ] --START--
INFO: ShowPageTrace Behavior ::run [ RunTime:0.000800s ]
INFO: [ view_end ] --END-- [ RunTime:0.000853s ]

[ 2014-12-20T22:28:23+08:00 ] 127.0.0.1 /jwcdd/index.php/User/editUser.html
INFO: [ route_check ] --START--
INFO: CheckRoute Behavior ::run [ RunTime:0.000625s ]
INFO: [ route_check ] --END-- [ RunTime:0.000708s ]
INFO: [ app_begin ] --START--
INFO: ReadHtmlCache Behavior ::run [ RunTime:0.000428s ]
INFO: [ app_begin ] --END-- [ RunTime:0.000482s ]
SQL: SHOW COLUMNS FROM `dd_users` [ RunTime:0.002228s ]
NOTIC: 建议使用I方法替代_post
NOTIC: 建议使用I方法替代_post
NOTIC: 建议使用I方法替代_post
NOTIC: 建议使用I方法替代_post
NOTIC: 建议使用I方法替代_post
NOTIC: 建议使用I方法替代_post
NOTIC: 建议使用I方法替代_post
NOTIC: 建议使用I方法替代_post

[ 2014-12-20T22:36:22+08:00 ] 127.0.0.1 /jwcdd/index.php/User/user_info/uid/3.html
INFO: [ route_check ] --START--
INFO: CheckRoute Behavior ::run [ RunTime:0.001053s ]
INFO: [ route_check ] --END-- [ RunTime:0.001140s ]
INFO: [ app_begin ] --START--
INFO: ReadHtmlCache Behavior ::run [ RunTime:0.000770s ]
INFO: [ app_begin ] --END-- [ RunTime:0.000831s ]
SQL: SHOW COLUMNS FROM `dd_users` [ RunTime:0.002119s ]
SQL: SELECT `uid`,`teaid`,`name`,`college`,`title`,`idcard`,`phone`,`mobi`,`email`,`role` FROM `dd_users` WHERE ( `uid` = 3 )  [ RunTime:0.000673s ]
INFO: [ view_parse ] --START--
INFO: ParseTemplate Behavior ::run [ RunTime:0.019833s ]
INFO: [ view_parse ] --END-- [ RunTime:0.019920s ]
INFO: [ view_filter ] --START--
INFO: ContentReplace Behavior ::run [ RunTime:0.000775s ]
INFO: TokenBuild Behavior ::run [ RunTime:0.000770s ]
INFO: WriteHtmlCache Behavior ::run [ RunTime:0.000571s ]
INFO: ShowRuntime Behavior ::run [ RunTime:0.000737s ]
INFO: [ view_filter ] --END-- [ RunTime:0.003022s ]
INFO: [ view_end ] --START--
INFO: ShowPageTrace Behavior ::run [ RunTime:0.000782s ]
INFO: [ view_end ] --END-- [ RunTime:0.000836s ]

[ 2014-12-20T22:36:29+08:00 ] 127.0.0.1 /jwcdd/index.php/User/editUser.html
INFO: [ route_check ] --START--
INFO: CheckRoute Behavior ::run [ RunTime:0.001018s ]
INFO: [ route_check ] --END-- [ RunTime:0.001104s ]
INFO: [ app_begin ] --START--
INFO: ReadHtmlCache Behavior ::run [ RunTime:0.000764s ]
INFO: [ app_begin ] --END-- [ RunTime:0.000822s ]
SQL: SHOW COLUMNS FROM `dd_users` [ RunTime:0.002272s ]
NOTIC: 建议使用I方法替代_post
NOTIC: 建议使用I方法替代_post
NOTIC: 建议使用I方法替代_post
NOTIC: 建议使用I方法替代_post
NOTIC: 建议使用I方法替代_post
NOTIC: 建议使用I方法替代_post
NOTIC: 建议使用I方法替代_post
NOTIC: 建议使用I方法替代_post
NOTIC: 建议使用I方法替代_post
NOTIC: 建议使用I方法替代_post
SQL: UPDATE `dd_users` SET `role`=2,`teaid`=2010000,`name`='李四',`title`='教授',`college`='外国语学院',`idcard`='110235196512035624',`mobi`='1654897234',`phone`='58806299',`email`='li@bnu.edu.cn' WHERE ( `uid` = 3 ) [ RunTime:0.087839s ]

[ 2014-12-20T22:36:29+08:00 ] 127.0.0.1 /jwcdd/index.php/User/user_dd.html
INFO: [ route_check ] --START--
INFO: CheckRoute Behavior ::run [ RunTime:0.000647s ]
INFO: [ route_check ] --END-- [ RunTime:0.000731s ]
INFO: [ app_begin ] --START--
INFO: ReadHtmlCache Behavior ::run [ RunTime:0.000450s ]
INFO: [ app_begin ] --END-- [ RunTime:0.000517s ]
SQL: SHOW COLUMNS FROM `dd_dd` [ RunTime:0.002327s ]
SQL: SELECT dd_Users.uid,`teaid`,`name`,`title`,`college`,`idcard`,`mobi`,`phone`,`email`,`pos`,`group`,`did` FROM `dd_dd` LEFT JOIN dd_Users on dd_Dd.uid = dd_Users.uid WHERE ( `year` = 2014 ) AND ( `term` = '秋季' ) ORDER BY `group` asc, pos desc  [ RunTime:0.000822s ]
SQL: SHOW COLUMNS FROM `dd_users` [ RunTime:0.001887s ]
SQL: SELECT `uid`,`teaid`,`name`,`college`,`title`,`idcard`,`phone`,`mobi`,`email` FROM `dd_users` WHERE ( `role` = 2 ) AND ( `uid` NOT IN ('1','3','11','8') ) ORDER BY uid asc  [ RunTime:0.000684s ]
SQL: SHOW COLUMNS FROM `dd_dgroup` [ RunTime:0.001714s ]
SQL: SELECT * FROM `dd_dgroup`  [ RunTime:0.000890s ]
INFO: [ view_parse ] --START--
INFO: ParseTemplate Behavior ::run [ RunTime:0.024558s ]
INFO: [ view_parse ] --END-- [ RunTime:0.024769s ]
INFO: [ view_filter ] --START--
INFO: ContentReplace Behavior ::run [ RunTime:0.001010s ]
INFO: TokenBuild Behavior ::run [ RunTime:0.000883s ]
INFO: WriteHtmlCache Behavior ::run [ RunTime:0.000556s ]
INFO: ShowRuntime Behavior ::run [ RunTime:0.000727s ]
INFO: [ view_filter ] --END-- [ RunTime:0.003370s ]
INFO: [ view_end ] --START--
INFO: ShowPageTrace Behavior ::run [ RunTime:0.000805s ]
INFO: [ view_end ] --END-- [ RunTime:0.000860s ]

[ 2014-12-20T22:36:44+08:00 ] 127.0.0.1 /jwcdd/index.php/User/user_info/uid/1.html
INFO: [ route_check ] --START--
INFO: CheckRoute Behavior ::run [ RunTime:0.001014s ]
INFO: [ route_check ] --END-- [ RunTime:0.001097s ]
INFO: [ app_begin ] --START--
INFO: ReadHtmlCache Behavior ::run [ RunTime:0.000783s ]
INFO: [ app_begin ] --END-- [ RunTime:0.000845s ]
SQL: SHOW COLUMNS FROM `dd_users` [ RunTime:0.002354s ]
SQL: SELECT `uid`,`teaid`,`name`,`college`,`title`,`idcard`,`phone`,`mobi`,`email`,`role` FROM `dd_users` WHERE ( `uid` = 1 )  [ RunTime:0.000853s ]
INFO: [ view_parse ] --START--
INFO: ParseTemplate Behavior ::run [ RunTime:0.018250s ]
INFO: [ view_parse ] --END-- [ RunTime:0.018333s ]
INFO: [ view_filter ] --START--
INFO: ContentReplace Behavior ::run [ RunTime:0.000791s ]
INFO: TokenBuild Behavior ::run [ RunTime:0.000834s ]
INFO: WriteHtmlCache Behavior ::run [ RunTime:0.000555s ]
INFO: ShowRuntime Behavior ::run [ RunTime:0.000724s ]
INFO: [ view_filter ] --END-- [ RunTime:0.003063s ]
INFO: [ view_end ] --START--
INFO: ShowPageTrace Behavior ::run [ RunTime:0.000813s ]
INFO: [ view_end ] --END-- [ RunTime:0.000867s ]

[ 2014-12-20T22:36:52+08:00 ] 127.0.0.1 /jwcdd/index.php/User/editUser.html
INFO: [ route_check ] --START--
INFO: CheckRoute Behavior ::run [ RunTime:0.000980s ]
INFO: [ route_check ] --END-- [ RunTime:0.001062s ]
INFO: [ app_begin ] --START--
INFO: ReadHtmlCache Behavior ::run [ RunTime:0.000854s ]
INFO: [ app_begin ] --END-- [ RunTime:0.000962s ]
SQL: SHOW COLUMNS FROM `dd_users` [ RunTime:0.002043s ]
NOTIC: 建议使用I方法替代_post
NOTIC: 建议使用I方法替代_post
NOTIC: 建议使用I方法替代_post
NOTIC: 建议使用I方法替代_post
NOTIC: 建议使用I方法替代_post
NOTIC: 建议使用I方法替代_post
NOTIC: 建议使用I方法替代_post
NOTIC: 建议使用I方法替代_post
NOTIC: 建议使用I方法替代_post
NOTIC: 建议使用I方法替代_post
SQL: UPDATE `dd_users` SET `role`=5,`teaid`=20141205,`name`='张三',`title`='教授',`college`='信息学院',`idcard`='110123195612302564',`mobi`='1523648956',`phone`='58806882',`email`='example@bnu.edu.cn' WHERE ( `uid` = 1 ) [ RunTime:0.002089s ]

[ 2014-12-20T22:36:52+08:00 ] 127.0.0.1 /jwcdd/index.php/User/user_dd.html
INFO: [ route_check ] --START--
INFO: CheckRoute Behavior ::run [ RunTime:0.000636s ]
INFO: [ route_check ] --END-- [ RunTime:0.000716s ]
INFO: [ app_begin ] --START--
INFO: ReadHtmlCache Behavior ::run [ RunTime:0.000422s ]
INFO: [ app_begin ] --END-- [ RunTime:0.000480s ]
SQL: SHOW COLUMNS FROM `dd_dd` [ RunTime:0.001948s ]
SQL: SELECT dd_Users.uid,`teaid`,`name`,`title`,`college`,`idcard`,`mobi`,`phone`,`email`,`pos`,`group`,`did` FROM `dd_dd` LEFT JOIN dd_Users on dd_Dd.uid = dd_Users.uid WHERE ( `year` = 2014 ) AND ( `term` = '秋季' ) ORDER BY `group` asc, pos desc  [ RunTime:0.000761s ]
SQL: SHOW COLUMNS FROM `dd_users` [ RunTime:0.001967s ]
SQL: SELECT `uid`,`teaid`,`name`,`college`,`title`,`idcard`,`phone`,`mobi`,`email` FROM `dd_users` WHERE ( `role` = 2 ) AND ( `uid` NOT IN ('1','3','11','8') ) ORDER BY uid asc  [ RunTime:0.001101s ]
SQL: SHOW COLUMNS FROM `dd_dgroup` [ RunTime:0.002674s ]
SQL: SELECT * FROM `dd_dgroup`  [ RunTime:0.000862s ]
INFO: [ view_parse ] --START--
INFO: ParseTemplate Behavior ::run [ RunTime:0.024442s ]
INFO: [ view_parse ] --END-- [ RunTime:0.024525s ]
INFO: [ view_filter ] --START--
INFO: ContentReplace Behavior ::run [ RunTime:0.000830s ]
INFO: TokenBuild Behavior ::run [ RunTime:0.000868s ]
INFO: WriteHtmlCache Behavior ::run [ RunTime:0.000534s ]
INFO: ShowRuntime Behavior ::run [ RunTime:0.000718s ]
INFO: [ view_filter ] --END-- [ RunTime:0.003106s ]
INFO: [ view_end ] --START--
INFO: ShowPageTrace Behavior ::run [ RunTime:0.000833s ]
INFO: [ view_end ] --END-- [ RunTime:0.000886s ]

[ 2014-12-20T22:36:59+08:00 ] 127.0.0.1 /jwcdd/index.php/User/user_info/uid/1.html
INFO: [ route_check ] --START--
INFO: CheckRoute Behavior ::run [ RunTime:0.000662s ]
INFO: [ route_check ] --END-- [ RunTime:0.000749s ]
INFO: [ app_begin ] --START--
INFO: ReadHtmlCache Behavior ::run [ RunTime:0.000420s ]
INFO: [ app_begin ] --END-- [ RunTime:0.000477s ]
SQL: SHOW COLUMNS FROM `dd_users` [ RunTime:0.002089s ]
SQL: SELECT `uid`,`teaid`,`name`,`college`,`title`,`idcard`,`phone`,`mobi`,`email`,`role` FROM `dd_users` WHERE ( `uid` = 1 )  [ RunTime:0.000775s ]
INFO: [ view_parse ] --START--
INFO: ParseTemplate Behavior ::run [ RunTime:0.016147s ]
INFO: [ view_parse ] --END-- [ RunTime:0.016232s ]
INFO: [ view_filter ] --START--
INFO: ContentReplace Behavior ::run [ RunTime:0.000429s ]
INFO: TokenBuild Behavior ::run [ RunTime:0.000427s ]
INFO: WriteHtmlCache Behavior ::run [ RunTime:0.000205s ]
INFO: ShowRuntime Behavior ::run [ RunTime:0.000370s ]
INFO: [ view_filter ] --END-- [ RunTime:0.001584s ]
INFO: [ view_end ] --START--
INFO: ShowPageTrace Behavior ::run [ RunTime:0.000460s ]
INFO: [ view_end ] --END-- [ RunTime:0.000521s ]

[ 2014-12-20T22:37:02+08:00 ] 127.0.0.1 /jwcdd/index.php/User/editUser.html
INFO: [ route_check ] --START--
INFO: CheckRoute Behavior ::run [ RunTime:0.000644s ]
INFO: [ route_check ] --END-- [ RunTime:0.000726s ]
INFO: [ app_begin ] --START--
INFO: ReadHtmlCache Behavior ::run [ RunTime:0.000410s ]
INFO: [ app_begin ] --END-- [ RunTime:0.000499s ]
SQL: SHOW COLUMNS FROM `dd_users` [ RunTime:0.002526s ]
NOTIC: 建议使用I方法替代_post
NOTIC: 建议使用I方法替代_post
NOTIC: 建议使用I方法替代_post
NOTIC: 建议使用I方法替代_post
NOTIC: 建议使用I方法替代_post
NOTIC: 建议使用I方法替代_post
NOTIC: 建议使用I方法替代_post
NOTIC: 建议使用I方法替代_post
NOTIC: 建议使用I方法替代_post
NOTIC: 建议使用I方法替代_post
SQL: UPDATE `dd_users` SET `role`=2,`teaid`=20141205,`name`='张三',`title`='教授',`college`='信息学院',`idcard`='110123195612302564',`mobi`='1523648956',`phone`='58806882',`email`='example@bnu.edu.cn' WHERE ( `uid` = 1 ) [ RunTime:0.001802s ]

[ 2014-12-20T22:37:02+08:00 ] 127.0.0.1 /jwcdd/index.php/User/user_dd.html
INFO: [ route_check ] --START--
INFO: CheckRoute Behavior ::run [ RunTime:0.000634s ]
INFO: [ route_check ] --END-- [ RunTime:0.000713s ]
INFO: [ app_begin ] --START--
INFO: ReadHtmlCache Behavior ::run [ RunTime:0.000450s ]
INFO: [ app_begin ] --END-- [ RunTime:0.000513s ]
SQL: SHOW COLUMNS FROM `dd_dd` [ RunTime:0.002328s ]
SQL: SELECT dd_Users.uid,`teaid`,`name`,`title`,`college`,`idcard`,`mobi`,`phone`,`email`,`pos`,`group`,`did` FROM `dd_dd` LEFT JOIN dd_Users on dd_Dd.uid = dd_Users.uid WHERE ( `year` = 2014 ) AND ( `term` = '秋季' ) ORDER BY `group` asc, pos desc  [ RunTime:0.000898s ]
SQL: SHOW COLUMNS FROM `dd_users` [ RunTime:0.001970s ]
SQL: SELECT `uid`,`teaid`,`name`,`college`,`title`,`idcard`,`phone`,`mobi`,`email` FROM `dd_users` WHERE ( `role` = 2 ) AND ( `uid` NOT IN ('1','3','11','8') ) ORDER BY uid asc  [ RunTime:0.001430s ]
SQL: SHOW COLUMNS FROM `dd_dgroup` [ RunTime:0.001936s ]
SQL: SELECT * FROM `dd_dgroup`  [ RunTime:0.000826s ]
INFO: [ view_parse ] --START--
INFO: ParseTemplate Behavior ::run [ RunTime:0.023613s ]
INFO: [ view_parse ] --END-- [ RunTime:0.023697s ]
INFO: [ view_filter ] --START--
INFO: ContentReplace Behavior ::run [ RunTime:0.000642s ]
INFO: TokenBuild Behavior ::run [ RunTime:0.000542s ]
INFO: WriteHtmlCache Behavior ::run [ RunTime:0.000217s ]
INFO: ShowRuntime Behavior ::run [ RunTime:0.000402s ]
INFO: [ view_filter ] --END-- [ RunTime:0.002031s ]
INFO: [ view_end ] --START--
INFO: ShowPageTrace Behavior ::run [ RunTime:0.000502s ]
INFO: [ view_end ] --END-- [ RunTime:0.000559s ]

[ 2014-12-20T22:37:08+08:00 ] 127.0.0.1 /jwcdd/index.php/User/user_info/uid/1.html
INFO: [ route_check ] --START--
INFO: CheckRoute Behavior ::run [ RunTime:0.000960s ]
INFO: [ route_check ] --END-- [ RunTime:0.001040s ]
INFO: [ app_begin ] --START--
INFO: ReadHtmlCache Behavior ::run [ RunTime:0.000737s ]
INFO: [ app_begin ] --END-- [ RunTime:0.000796s ]
SQL: SHOW COLUMNS FROM `dd_users` [ RunTime:0.002217s ]
SQL: SELECT `uid`,`teaid`,`name`,`college`,`title`,`idcard`,`phone`,`mobi`,`email`,`role` FROM `dd_users` WHERE ( `uid` = 1 )  [ RunTime:0.000777s ]
INFO: [ view_parse ] --START--
INFO: ParseTemplate Behavior ::run [ RunTime:0.019442s ]
INFO: [ view_parse ] --END-- [ RunTime:0.019527s ]
INFO: [ view_filter ] --START--
INFO: ContentReplace Behavior ::run [ RunTime:0.000757s ]
INFO: TokenBuild Behavior ::run [ RunTime:0.000765s ]
INFO: WriteHtmlCache Behavior ::run [ RunTime:0.000604s ]
INFO: ShowRuntime Behavior ::run [ RunTime:0.000729s ]
INFO: [ view_filter ] --END-- [ RunTime:0.003015s ]
INFO: [ view_end ] --START--
INFO: ShowPageTrace Behavior ::run [ RunTime:0.000828s ]
INFO: [ view_end ] --END-- [ RunTime:0.000889s ]

[ 2014-12-20T22:37:12+08:00 ] 127.0.0.1 /jwcdd/index.php/User/editUser.html
INFO: [ route_check ] --START--
INFO: CheckRoute Behavior ::run [ RunTime:0.000638s ]
INFO: [ route_check ] --END-- [ RunTime:0.000725s ]
INFO: [ app_begin ] --START--
INFO: ReadHtmlCache Behavior ::run [ RunTime:0.000418s ]
INFO: [ app_begin ] --END-- [ RunTime:0.000475s ]
SQL: SHOW COLUMNS FROM `dd_users` [ RunTime:0.002255s ]
NOTIC: 建议使用I方法替代_post
NOTIC: 建议使用I方法替代_post
NOTIC: 建议使用I方法替代_post
NOTIC: 建议使用I方法替代_post
NOTIC: 建议使用I方法替代_post
NOTIC: 建议使用I方法替代_post
NOTIC: 建议使用I方法替代_post
NOTIC: 建议使用I方法替代_post
NOTIC: 建议使用I方法替代_post
NOTIC: 建议使用I方法替代_post
SQL: UPDATE `dd_users` SET `role`=5,`teaid`=20141205,`name`='张三',`title`='教授',`college`='信息学院',`idcard`='110123195612302564',`mobi`='1523648956',`phone`='58806882',`email`='example@bnu.edu.cn' WHERE ( `uid` = 1 ) [ RunTime:0.002039s ]

[ 2014-12-20T22:37:12+08:00 ] 127.0.0.1 /jwcdd/index.php/User/user_dd.html
INFO: [ route_check ] --START--
INFO: CheckRoute Behavior ::run [ RunTime:0.000654s ]
INFO: [ route_check ] --END-- [ RunTime:0.000727s ]
INFO: [ app_begin ] --START--
INFO: ReadHtmlCache Behavior ::run [ RunTime:0.000392s ]
INFO: [ app_begin ] --END-- [ RunTime:0.000474s ]
SQL: SHOW COLUMNS FROM `dd_dd` [ RunTime:0.002068s ]
SQL: SELECT dd_Users.uid,`teaid`,`name`,`title`,`college`,`idcard`,`mobi`,`phone`,`email`,`pos`,`group`,`did` FROM `dd_dd` LEFT JOIN dd_Users on dd_Dd.uid = dd_Users.uid WHERE ( `year` = 2014 ) AND ( `term` = '秋季' ) ORDER BY `group` asc, pos desc  [ RunTime:0.000711s ]
SQL: SHOW COLUMNS FROM `dd_users` [ RunTime:0.001991s ]
SQL: SELECT `uid`,`teaid`,`name`,`college`,`title`,`idcard`,`phone`,`mobi`,`email` FROM `dd_users` WHERE ( `role` = 2 ) AND ( `uid` NOT IN ('1','3','11','8') ) ORDER BY uid asc  [ RunTime:0.000805s ]
SQL: SHOW COLUMNS FROM `dd_dgroup` [ RunTime:0.001857s ]
SQL: SELECT * FROM `dd_dgroup`  [ RunTime:0.001036s ]
INFO: [ view_parse ] --START--
INFO: ParseTemplate Behavior ::run [ RunTime:0.031028s ]
INFO: [ view_parse ] --END-- [ RunTime:0.031114s ]
INFO: [ view_filter ] --START--
INFO: ContentReplace Behavior ::run [ RunTime:0.000468s ]
INFO: TokenBuild Behavior ::run [ RunTime:0.000522s ]
INFO: WriteHtmlCache Behavior ::run [ RunTime:0.000202s ]
INFO: ShowRuntime Behavior ::run [ RunTime:0.000387s ]
INFO: [ view_filter ] --END-- [ RunTime:0.001751s ]
INFO: [ view_end ] --START--
INFO: ShowPageTrace Behavior ::run [ RunTime:0.000447s ]
INFO: [ view_end ] --END-- [ RunTime:0.000500s ]

[ 2014-12-20T22:37:23+08:00 ] 127.0.0.1 /jwcdd/index.php/User/user_info/uid/1.html
INFO: [ route_check ] --START--
INFO: CheckRoute Behavior ::run [ RunTime:0.000983s ]
INFO: [ route_check ] --END-- [ RunTime:0.001063s ]
INFO: [ app_begin ] --START--
INFO: ReadHtmlCache Behavior ::run [ RunTime:0.000757s ]
INFO: [ app_begin ] --END-- [ RunTime:0.000817s ]
SQL: SHOW COLUMNS FROM `dd_users` [ RunTime:0.002286s ]
SQL: SELECT `uid`,`teaid`,`name`,`college`,`title`,`idcard`,`phone`,`mobi`,`email`,`role` FROM `dd_users` WHERE ( `uid` = 1 )  [ RunTime:0.000858s ]
INFO: [ view_parse ] --START--
INFO: ParseTemplate Behavior ::run [ RunTime:0.018821s ]
INFO: [ view_parse ] --END-- [ RunTime:0.018906s ]
INFO: [ view_filter ] --START--
INFO: ContentReplace Behavior ::run [ RunTime:0.000767s ]
INFO: TokenBuild Behavior ::run [ RunTime:0.000968s ]
INFO: WriteHtmlCache Behavior ::run [ RunTime:0.000704s ]
INFO: ShowRuntime Behavior ::run [ RunTime:0.000728s ]
INFO: [ view_filter ] --END-- [ RunTime:0.003360s ]
INFO: [ view_end ] --START--
INFO: ShowPageTrace Behavior ::run [ RunTime:0.000814s ]
INFO: [ view_end ] --END-- [ RunTime:0.000870s ]

[ 2014-12-20T22:37:26+08:00 ] 127.0.0.1 /jwcdd/index.php/User/editUser.html
INFO: [ route_check ] --START--
INFO: CheckRoute Behavior ::run [ RunTime:0.000656s ]
INFO: [ route_check ] --END-- [ RunTime:0.000742s ]
INFO: [ app_begin ] --START--
INFO: ReadHtmlCache Behavior ::run [ RunTime:0.000601s ]
INFO: [ app_begin ] --END-- [ RunTime:0.000710s ]
SQL: SHOW COLUMNS FROM `dd_users` [ RunTime:0.002143s ]
NOTIC: 建议使用I方法替代_post
NOTIC: 建议使用I方法替代_post
NOTIC: 建议使用I方法替代_post
NOTIC: 建议使用I方法替代_post
NOTIC: 建议使用I方法替代_post
NOTIC: 建议使用I方法替代_post
NOTIC: 建议使用I方法替代_post
NOTIC: 建议使用I方法替代_post
NOTIC: 建议使用I方法替代_post
NOTIC: 建议使用I方法替代_post
SQL: UPDATE `dd_users` SET `role`=2,`teaid`=20141205,`name`='张三',`title`='教授',`college`='信息学院',`idcard`='110123195612302564',`mobi`='1523648956',`phone`='58806882',`email`='example@bnu.edu.cn' WHERE ( `uid` = 1 ) [ RunTime:0.002432s ]

[ 2014-12-20T22:37:26+08:00 ] 127.0.0.1 /jwcdd/index.php/User/user_dd.html
INFO: [ route_check ] --START--
INFO: CheckRoute Behavior ::run [ RunTime:0.000635s ]
INFO: [ route_check ] --END-- [ RunTime:0.000711s ]
INFO: [ app_begin ] --START--
INFO: ReadHtmlCache Behavior ::run [ RunTime:0.000403s ]
INFO: [ app_begin ] --END-- [ RunTime:0.000458s ]
SQL: SHOW COLUMNS FROM `dd_dd` [ RunTime:0.002796s ]
SQL: SELECT dd_Users.uid,`teaid`,`name`,`title`,`college`,`idcard`,`mobi`,`phone`,`email`,`pos`,`group`,`did` FROM `dd_dd` LEFT JOIN dd_Users on dd_Dd.uid = dd_Users.uid WHERE ( `year` = 2014 ) AND ( `term` = '秋季' ) ORDER BY `group` asc, pos desc  [ RunTime:0.001907s ]
SQL: SHOW COLUMNS FROM `dd_users` [ RunTime:0.002675s ]
SQL: SELECT `uid`,`teaid`,`name`,`college`,`title`,`idcard`,`phone`,`mobi`,`email` FROM `dd_users` WHERE ( `role` = 2 ) AND ( `uid` NOT IN ('1','3','11','8') ) ORDER BY uid asc  [ RunTime:0.001190s ]
SQL: SHOW COLUMNS FROM `dd_dgroup` [ RunTime:0.002562s ]
SQL: SELECT * FROM `dd_dgroup`  [ RunTime:0.000865s ]
INFO: [ view_parse ] --START--
INFO: ParseTemplate Behavior ::run [ RunTime:0.022278s ]
INFO: [ view_parse ] --END-- [ RunTime:0.022364s ]
INFO: [ view_filter ] --START--
INFO: ContentReplace Behavior ::run [ RunTime:0.000483s ]
INFO: TokenBuild Behavior ::run [ RunTime:0.000485s ]
INFO: WriteHtmlCache Behavior ::run [ RunTime:0.000205s ]
INFO: ShowRuntime Behavior ::run [ RunTime:0.000382s ]
INFO: [ view_filter ] --END-- [ RunTime:0.001709s ]
INFO: [ view_end ] --START--
INFO: ShowPageTrace Behavior ::run [ RunTime:0.000653s ]
INFO: [ view_end ] --END-- [ RunTime:0.000763s ]

[ 2014-12-20T22:39:04+08:00 ] 127.0.0.1 /jwcdd/index.php/User/user_dd.html
INFO: [ route_check ] --START--
INFO: CheckRoute Behavior ::run [ RunTime:0.000637s ]
INFO: [ route_check ] --END-- [ RunTime:0.000716s ]
INFO: [ app_begin ] --START--
INFO: ReadHtmlCache Behavior ::run [ RunTime:0.000418s ]
INFO: [ app_begin ] --END-- [ RunTime:0.000476s ]
SQL: SHOW COLUMNS FROM `dd_dd` [ RunTime:0.001853s ]
SQL: SELECT dd_Users.uid,`teaid`,`name`,`title`,`college`,`idcard`,`mobi`,`phone`,`email`,`pos`,`group`,`did` FROM `dd_dd` LEFT JOIN dd_Users on dd_Dd.uid = dd_Users.uid WHERE ( `year` = 2014 ) AND ( `term` = '秋季' ) ORDER BY `group` asc, pos desc  [ RunTime:0.000741s ]
SQL: SHOW COLUMNS FROM `dd_users` [ RunTime:0.001840s ]
SQL: SELECT `uid`,`teaid`,`name`,`college`,`title`,`idcard`,`phone`,`mobi`,`email` FROM `dd_users` WHERE ( `role` = 2 ) AND ( `uid` NOT IN ('1','3','11','8') ) ORDER BY uid asc  [ RunTime:0.000683s ]
SQL: SHOW COLUMNS FROM `dd_dgroup` [ RunTime:0.001757s ]
SQL: SELECT * FROM `dd_dgroup`  [ RunTime:0.000892s ]
INFO: [ view_parse ] --START--
INFO: ParseTemplate Behavior ::run [ RunTime:0.023304s ]
INFO: [ view_parse ] --END-- [ RunTime:0.023396s ]
INFO: [ view_filter ] --START--
INFO: ContentReplace Behavior ::run [ RunTime:0.000476s ]
INFO: TokenBuild Behavior ::run [ RunTime:0.000497s ]
INFO: WriteHtmlCache Behavior ::run [ RunTime:0.000201s ]
INFO: ShowRuntime Behavior ::run [ RunTime:0.000371s ]
INFO: [ view_filter ] --END-- [ RunTime:0.001696s ]
INFO: [ view_end ] --START--
INFO: ShowPageTrace Behavior ::run [ RunTime:0.000465s ]
INFO: [ view_end ] --END-- [ RunTime:0.000518s ]

[ 2014-12-20T22:39:07+08:00 ] 127.0.0.1 /jwcdd/index.php/User/user_info/uid/1.html
INFO: [ route_check ] --START--
INFO: CheckRoute Behavior ::run [ RunTime:0.000988s ]
INFO: [ route_check ] --END-- [ RunTime:0.001069s ]
INFO: [ app_begin ] --START--
INFO: ReadHtmlCache Behavior ::run [ RunTime:0.000739s ]
INFO: [ app_begin ] --END-- [ RunTime:0.000796s ]
SQL: SHOW COLUMNS FROM `dd_users` [ RunTime:0.002053s ]
SQL: SELECT `uid`,`teaid`,`name`,`college`,`title`,`idcard`,`phone`,`mobi`,`email`,`role` FROM `dd_users` WHERE ( `uid` = 1 )  [ RunTime:0.000713s ]
INFO: [ view_parse ] --START--
INFO: ParseTemplate Behavior ::run [ RunTime:0.018168s ]
INFO: [ view_parse ] --END-- [ RunTime:0.018254s ]
INFO: [ view_filter ] --START--
INFO: ContentReplace Behavior ::run [ RunTime:0.000773s ]
INFO: TokenBuild Behavior ::run [ RunTime:0.000779s ]
INFO: WriteHtmlCache Behavior ::run [ RunTime:0.000562s ]
INFO: ShowRuntime Behavior ::run [ RunTime:0.000717s ]
INFO: [ view_filter ] --END-- [ RunTime:0.002990s ]
INFO: [ view_end ] --START--
INFO: ShowPageTrace Behavior ::run [ RunTime:0.000805s ]
INFO: [ view_end ] --END-- [ RunTime:0.000861s ]

[ 2014-12-20T22:39:10+08:00 ] 127.0.0.1 /jwcdd/index.php/User/editUser.html
INFO: [ route_check ] --START--
INFO: CheckRoute Behavior ::run [ RunTime:0.000973s ]
INFO: [ route_check ] --END-- [ RunTime:0.001060s ]
INFO: [ app_begin ] --START--
INFO: ReadHtmlCache Behavior ::run [ RunTime:0.000753s ]
INFO: [ app_begin ] --END-- [ RunTime:0.000810s ]
SQL: SHOW COLUMNS FROM `dd_users` [ RunTime:0.002150s ]
NOTIC: 建议使用I方法替代_post
NOTIC: 建议使用I方法替代_post
NOTIC: 建议使用I方法替代_post
NOTIC: 建议使用I方法替代_post
NOTIC: 建议使用I方法替代_post
NOTIC: 建议使用I方法替代_post
NOTIC: 建议使用I方法替代_post
NOTIC: 建议使用I方法替代_post
NOTIC: 建议使用I方法替代_post
NOTIC: 建议使用I方法替代_post
SQL: UPDATE `dd_users` SET `role`=5,`teaid`=20141205,`name`='张三',`title`='教授',`college`='信息学院',`idcard`='110123195612302564',`mobi`='1523648956',`phone`='58806882',`email`='example@bnu.edu.cn' WHERE ( `uid` = 1 ) [ RunTime:0.002196s ]

[ 2014-12-20T22:39:10+08:00 ] 127.0.0.1 /jwcdd/index.php/User/user_dd.html
INFO: [ route_check ] --START--
INFO: CheckRoute Behavior ::run [ RunTime:0.000636s ]
INFO: [ route_check ] --END-- [ RunTime:0.000712s ]
INFO: [ app_begin ] --START--
INFO: ReadHtmlCache Behavior ::run [ RunTime:0.000402s ]
INFO: [ app_begin ] --END-- [ RunTime:0.000457s ]
SQL: SHOW COLUMNS FROM `dd_dd` [ RunTime:0.002529s ]
SQL: SELECT dd_Users.uid,`teaid`,`name`,`title`,`college`,`idcard`,`mobi`,`phone`,`email`,`pos`,`group`,`did` FROM `dd_dd` LEFT JOIN dd_Users on dd_Dd.uid = dd_Users.uid WHERE ( `year` = 2014 ) AND ( `term` = '秋季' ) ORDER BY `group` asc, pos desc  [ RunTime:0.001036s ]
SQL: SHOW COLUMNS FROM `dd_users` [ RunTime:0.001992s ]
SQL: SELECT `uid`,`teaid`,`name`,`college`,`title`,`idcard`,`phone`,`mobi`,`email` FROM `dd_users` WHERE ( `role` = 2 ) AND ( `uid` NOT IN ('1','3','11','8') ) ORDER BY uid asc  [ RunTime:0.001043s ]
SQL: SHOW COLUMNS FROM `dd_dgroup` [ RunTime:0.001757s ]
SQL: SELECT * FROM `dd_dgroup`  [ RunTime:0.000768s ]
INFO: [ view_parse ] --START--
INFO: ParseTemplate Behavior ::run [ RunTime:0.024197s ]
INFO: [ view_parse ] --END-- [ RunTime:0.024287s ]
INFO: [ view_filter ] --START--
INFO: ContentReplace Behavior ::run [ RunTime:0.000890s ]
INFO: TokenBuild Behavior ::run [ RunTime:0.000832s ]
INFO: WriteHtmlCache Behavior ::run [ RunTime:0.000551s ]
INFO: ShowRuntime Behavior ::run [ RunTime:0.000732s ]
INFO: [ view_filter ] --END-- [ RunTime:0.003164s ]
INFO: [ view_end ] --START--
INFO: ShowPageTrace Behavior ::run [ RunTime:0.000814s ]
INFO: [ view_end ] --END-- [ RunTime:0.000867s ]

[ 2014-12-20T22:39:14+08:00 ] 127.0.0.1 /jwcdd/index.php/User/user_info/uid/1.html
INFO: [ route_check ] --START--
INFO: CheckRoute Behavior ::run [ RunTime:0.000637s ]
INFO: [ route_check ] --END-- [ RunTime:0.000717s ]
INFO: [ app_begin ] --START--
INFO: ReadHtmlCache Behavior ::run [ RunTime:0.000421s ]
INFO: [ app_begin ] --END-- [ RunTime:0.000477s ]
SQL: SHOW COLUMNS FROM `dd_users` [ RunTime:0.003691s ]
SQL: SELECT `uid`,`teaid`,`name`,`college`,`title`,`idcard`,`phone`,`mobi`,`email`,`role` FROM `dd_users` WHERE ( `uid` = 1 )  [ RunTime:0.001012s ]
INFO: [ view_parse ] --START--
INFO: ParseTemplate Behavior ::run [ RunTime:0.016608s ]
INFO: [ view_parse ] --END-- [ RunTime:0.016694s ]
INFO: [ view_filter ] --START--
INFO: ContentReplace Behavior ::run [ RunTime:0.000408s ]
INFO: TokenBuild Behavior ::run [ RunTime:0.000426s ]
INFO: WriteHtmlCache Behavior ::run [ RunTime:0.000207s ]
INFO: ShowRuntime Behavior ::run [ RunTime:0.000370s ]
INFO: [ view_filter ] --END-- [ RunTime:0.001565s ]
INFO: [ view_end ] --START--
INFO: ShowPageTrace Behavior ::run [ RunTime:0.000468s ]
INFO: [ view_end ] --END-- [ RunTime:0.000520s ]

[ 2014-12-20T22:39:17+08:00 ] 127.0.0.1 /jwcdd/index.php/User/editUser.html
INFO: [ route_check ] --START--
INFO: CheckRoute Behavior ::run [ RunTime:0.000654s ]
INFO: [ route_check ] --END-- [ RunTime:0.000738s ]
INFO: [ app_begin ] --START--
INFO: ReadHtmlCache Behavior ::run [ RunTime:0.000421s ]
INFO: [ app_begin ] --END-- [ RunTime:0.000478s ]
SQL: SHOW COLUMNS FROM `dd_users` [ RunTime:0.002141s ]
NOTIC: 建议使用I方法替代_post
NOTIC: 建议使用I方法替代_post
NOTIC: 建议使用I方法替代_post
NOTIC: 建议使用I方法替代_post
NOTIC: 建议使用I方法替代_post
NOTIC: 建议使用I方法替代_post
NOTIC: 建议使用I方法替代_post
NOTIC: 建议使用I方法替代_post
NOTIC: 建议使用I方法替代_post
NOTIC: 建议使用I方法替代_post
SQL: UPDATE `dd_users` SET `role`=2,`teaid`=20141205,`name`='张三',`title`='教授',`college`='信息学院',`idcard`='110123195612302564',`mobi`='1523648956',`phone`='58806882',`email`='example@bnu.edu.cn' WHERE ( `uid` = 1 ) [ RunTime:0.002211s ]

[ 2014-12-20T22:39:17+08:00 ] 127.0.0.1 /jwcdd/index.php/User/user_dd.html
INFO: [ route_check ] --START--
INFO: CheckRoute Behavior ::run [ RunTime:0.000974s ]
INFO: [ route_check ] --END-- [ RunTime:0.001050s ]
INFO: [ app_begin ] --START--
INFO: ReadHtmlCache Behavior ::run [ RunTime:0.000451s ]
INFO: [ app_begin ] --END-- [ RunTime:0.000506s ]
SQL: SHOW COLUMNS FROM `dd_dd` [ RunTime:0.002077s ]
SQL: SELECT dd_Users.uid,`teaid`,`name`,`title`,`college`,`idcard`,`mobi`,`phone`,`email`,`pos`,`group`,`did` FROM `dd_dd` LEFT JOIN dd_Users on dd_Dd.uid = dd_Users.uid WHERE ( `year` = 2014 ) AND ( `term` = '秋季' ) ORDER BY `group` asc, pos desc  [ RunTime:0.000910s ]
SQL: SHOW COLUMNS FROM `dd_users` [ RunTime:0.002336s ]
SQL: SELECT `uid`,`teaid`,`name`,`college`,`title`,`idcard`,`phone`,`mobi`,`email` FROM `dd_users` WHERE ( `role` = 2 ) AND ( `uid` NOT IN ('1','3','11','8') ) ORDER BY uid asc  [ RunTime:0.000755s ]
SQL: SHOW COLUMNS FROM `dd_dgroup` [ RunTime:0.001662s ]
SQL: SELECT * FROM `dd_dgroup`  [ RunTime:0.000751s ]
INFO: [ view_parse ] --START--
INFO: ParseTemplate Behavior ::run [ RunTime:0.022256s ]
INFO: [ view_parse ] --END-- [ RunTime:0.022342s ]
INFO: [ view_filter ] --START--
INFO: ContentReplace Behavior ::run [ RunTime:0.000513s ]
INFO: TokenBuild Behavior ::run [ RunTime:0.000557s ]
INFO: WriteHtmlCache Behavior ::run [ RunTime:0.000245s ]
INFO: ShowRuntime Behavior ::run [ RunTime:0.000449s ]
INFO: [ view_filter ] --END-- [ RunTime:0.001929s ]
INFO: [ view_end ] --START--
INFO: ShowPageTrace Behavior ::run [ RunTime:0.000538s ]
INFO: [ view_end ] --END-- [ RunTime:0.000616s ]

[ 2014-12-20T22:39:42+08:00 ] 127.0.0.1 /jwcdd/index.php/User/user_dd.html
INFO: [ route_check ] --START--
INFO: CheckRoute Behavior ::run [ RunTime:0.000984s ]
INFO: [ route_check ] --END-- [ RunTime:0.001066s ]
INFO: [ app_begin ] --START--
INFO: ReadHtmlCache Behavior ::run [ RunTime:0.000762s ]
INFO: [ app_begin ] --END-- [ RunTime:0.000821s ]
SQL: SHOW COLUMNS FROM `dd_dd` [ RunTime:0.002571s ]
SQL: SELECT dd_Users.uid,`teaid`,`name`,`title`,`college`,`idcard`,`mobi`,`phone`,`email`,`pos`,`group`,`did` FROM `dd_dd` LEFT JOIN dd_Users on dd_Dd.uid = dd_Users.uid WHERE ( `year` = 2014 ) AND ( `term` = '秋季' ) AND ( `role` = 2 ) ORDER BY `group` asc, pos desc  [ RunTime:0.000977s ]
SQL: SHOW COLUMNS FROM `dd_users` [ RunTime:0.002040s ]
SQL: SELECT `uid`,`teaid`,`name`,`college`,`title`,`idcard`,`phone`,`mobi`,`email` FROM `dd_users` WHERE ( `role` = 2 ) AND ( `uid` NOT IN ('1','3','11','8') ) ORDER BY uid asc  [ RunTime:0.000767s ]
SQL: SHOW COLUMNS FROM `dd_dgroup` [ RunTime:0.001829s ]
SQL: SELECT * FROM `dd_dgroup`  [ RunTime:0.000793s ]
INFO: [ view_parse ] --START--
INFO: ParseTemplate Behavior ::run [ RunTime:0.023911s ]
INFO: [ view_parse ] --END-- [ RunTime:0.024004s ]
INFO: [ view_filter ] --START--
INFO: ContentReplace Behavior ::run [ RunTime:0.000920s ]
INFO: TokenBuild Behavior ::run [ RunTime:0.000842s ]
INFO: WriteHtmlCache Behavior ::run [ RunTime:0.000568s ]
INFO: ShowRuntime Behavior ::run [ RunTime:0.000730s ]
INFO: [ view_filter ] --END-- [ RunTime:0.003229s ]
INFO: [ view_end ] --START--
INFO: ShowPageTrace Behavior ::run [ RunTime:0.000815s ]
INFO: [ view_end ] --END-- [ RunTime:0.000874s ]

[ 2014-12-20T22:39:44+08:00 ] 127.0.0.1 /jwcdd/index.php/User/user_info/uid/1.html
INFO: [ route_check ] --START--
INFO: CheckRoute Behavior ::run [ RunTime:0.000999s ]
INFO: [ route_check ] --END-- [ RunTime:0.001084s ]
INFO: [ app_begin ] --START--
INFO: ReadHtmlCache Behavior ::run [ RunTime:0.000753s ]
INFO: [ app_begin ] --END-- [ RunTime:0.000810s ]
SQL: SHOW COLUMNS FROM `dd_users` [ RunTime:0.002144s ]
SQL: SELECT `uid`,`teaid`,`name`,`college`,`title`,`idcard`,`phone`,`mobi`,`email`,`role` FROM `dd_users` WHERE ( `uid` = 1 )  [ RunTime:0.000601s ]
INFO: [ view_parse ] --START--
INFO: ParseTemplate Behavior ::run [ RunTime:0.018698s ]
INFO: [ view_parse ] --END-- [ RunTime:0.018794s ]
INFO: [ view_filter ] --START--
INFO: ContentReplace Behavior ::run [ RunTime:0.000884s ]
INFO: TokenBuild Behavior ::run [ RunTime:0.000792s ]
INFO: WriteHtmlCache Behavior ::run [ RunTime:0.000595s ]
INFO: ShowRuntime Behavior ::run [ RunTime:0.000728s ]
INFO: [ view_filter ] --END-- [ RunTime:0.003167s ]
INFO: [ view_end ] --START--
INFO: ShowPageTrace Behavior ::run [ RunTime:0.000802s ]
INFO: [ view_end ] --END-- [ RunTime:0.000856s ]

[ 2014-12-20T22:39:47+08:00 ] 127.0.0.1 /jwcdd/index.php/User/editUser.html
INFO: [ route_check ] --START--
INFO: CheckRoute Behavior ::run [ RunTime:0.000652s ]
INFO: [ route_check ] --END-- [ RunTime:0.000735s ]
INFO: [ app_begin ] --START--
INFO: ReadHtmlCache Behavior ::run [ RunTime:0.000416s ]
INFO: [ app_begin ] --END-- [ RunTime:0.000473s ]
SQL: SHOW COLUMNS FROM `dd_users` [ RunTime:0.002225s ]
NOTIC: 建议使用I方法替代_post
NOTIC: 建议使用I方法替代_post
NOTIC: 建议使用I方法替代_post
NOTIC: 建议使用I方法替代_post
NOTIC: 建议使用I方法替代_post
NOTIC: 建议使用I方法替代_post
NOTIC: 建议使用I方法替代_post
NOTIC: 建议使用I方法替代_post
NOTIC: 建议使用I方法替代_post
NOTIC: 建议使用I方法替代_post
SQL: UPDATE `dd_users` SET `role`=1,`teaid`=20141205,`name`='张三',`title`='教授',`college`='信息学院',`idcard`='110123195612302564',`mobi`='1523648956',`phone`='58806882',`email`='example@bnu.edu.cn' WHERE ( `uid` = 1 ) [ RunTime:0.002228s ]

[ 2014-12-20T22:39:47+08:00 ] 127.0.0.1 /jwcdd/index.php/User/user_dd.html
INFO: [ route_check ] --START--
INFO: CheckRoute Behavior ::run [ RunTime:0.000611s ]
INFO: [ route_check ] --END-- [ RunTime:0.000690s ]
INFO: [ app_begin ] --START--
INFO: ReadHtmlCache Behavior ::run [ RunTime:0.000415s ]
INFO: [ app_begin ] --END-- [ RunTime:0.000471s ]
SQL: SHOW COLUMNS FROM `dd_dd` [ RunTime:0.002205s ]
SQL: SELECT dd_Users.uid,`teaid`,`name`,`title`,`college`,`idcard`,`mobi`,`phone`,`email`,`pos`,`group`,`did` FROM `dd_dd` LEFT JOIN dd_Users on dd_Dd.uid = dd_Users.uid WHERE ( `year` = 2014 ) AND ( `term` = '秋季' ) AND ( `role` = 2 ) ORDER BY `group` asc, pos desc  [ RunTime:0.000885s ]
SQL: SHOW COLUMNS FROM `dd_users` [ RunTime:0.001874s ]
SQL: SELECT `uid`,`teaid`,`name`,`college`,`title`,`idcard`,`phone`,`mobi`,`email` FROM `dd_users` WHERE ( `role` = 2 ) AND ( `uid` NOT IN ('3','11','8') ) ORDER BY uid asc  [ RunTime:0.000839s ]
SQL: SHOW COLUMNS FROM `dd_dgroup` [ RunTime:0.002102s ]
SQL: SELECT * FROM `dd_dgroup`  [ RunTime:0.000893s ]
INFO: [ view_parse ] --START--
INFO: ParseTemplate Behavior ::run [ RunTime:0.022378s ]
INFO: [ view_parse ] --END-- [ RunTime:0.022463s ]
INFO: [ view_filter ] --START--
INFO: ContentReplace Behavior ::run [ RunTime:0.000459s ]
INFO: TokenBuild Behavior ::run [ RunTime:0.000460s ]
INFO: WriteHtmlCache Behavior ::run [ RunTime:0.000219s ]
INFO: ShowRuntime Behavior ::run [ RunTime:0.000369s ]
INFO: [ view_filter ] --END-- [ RunTime:0.001657s ]
INFO: [ view_end ] --START--
INFO: ShowPageTrace Behavior ::run [ RunTime:0.000463s ]
INFO: [ view_end ] --END-- [ RunTime:0.000514s ]

[ 2014-12-20T22:41:10+08:00 ] 127.0.0.1 /jwcdd/index.php/User/user_info/uid/3.html
INFO: [ route_check ] --START--
INFO: CheckRoute Behavior ::run [ RunTime:0.000678s ]
INFO: [ route_check ] --END-- [ RunTime:0.000753s ]
INFO: [ app_begin ] --START--
INFO: ReadHtmlCache Behavior ::run [ RunTime:0.000412s ]
INFO: [ app_begin ] --END-- [ RunTime:0.000478s ]
SQL: SHOW COLUMNS FROM `dd_users` [ RunTime:0.001946s ]
SQL: SELECT `uid`,`teaid`,`name`,`college`,`title`,`idcard`,`phone`,`mobi`,`email`,`role` FROM `dd_users` WHERE ( `uid` = 3 )  [ RunTime:0.000698s ]
INFO: [ view_parse ] --START--
INFO: ParseTemplate Behavior ::run [ RunTime:0.019118s ]
INFO: [ view_parse ] --END-- [ RunTime:0.019217s ]
INFO: [ view_filter ] --START--
INFO: ContentReplace Behavior ::run [ RunTime:0.000453s ]
INFO: TokenBuild Behavior ::run [ RunTime:0.000435s ]
INFO: WriteHtmlCache Behavior ::run [ RunTime:0.000209s ]
INFO: ShowRuntime Behavior ::run [ RunTime:0.000374s ]
INFO: [ view_filter ] --END-- [ RunTime:0.001627s ]
INFO: [ view_end ] --START--
INFO: ShowPageTrace Behavior ::run [ RunTime:0.000466s ]
INFO: [ view_end ] --END-- [ RunTime:0.000520s ]

[ 2014-12-20T22:41:14+08:00 ] 127.0.0.1 /jwcdd/index.php/User/editUser.html
INFO: [ route_check ] --START--
INFO: CheckRoute Behavior ::run [ RunTime:0.001141s ]
INFO: [ route_check ] --END-- [ RunTime:0.001236s ]
INFO: [ app_begin ] --START--
INFO: ReadHtmlCache Behavior ::run [ RunTime:0.000966s ]
INFO: [ app_begin ] --END-- [ RunTime:0.001057s ]
SQL: SHOW COLUMNS FROM `dd_users` [ RunTime:0.002182s ]
NOTIC: 建议使用I方法替代_post
NOTIC: 建议使用I方法替代_post
NOTIC: 建议使用I方法替代_post
NOTIC: 建议使用I方法替代_post
NOTIC: 建议使用I方法替代_post
NOTIC: 建议使用I方法替代_post
NOTIC: 建议使用I方法替代_post
NOTIC: 建议使用I方法替代_post
NOTIC: 建议使用I方法替代_post
NOTIC: 建议使用I方法替代_post
SQL: UPDATE `dd_users` SET `role`=5,`teaid`=2010000,`name`='李四',`title`='教授',`college`='外国语学院',`idcard`='110235196512035624',`mobi`='1654897234',`phone`='58806299',`email`='li@bnu.edu.cn' WHERE ( `uid` = 3 ) [ RunTime:0.003206s ]

[ 2014-12-20T22:41:14+08:00 ] 127.0.0.1 /jwcdd/index.php/User/user_dd.html
INFO: [ route_check ] --START--
INFO: CheckRoute Behavior ::run [ RunTime:0.000640s ]
INFO: [ route_check ] --END-- [ RunTime:0.000722s ]
INFO: [ app_begin ] --START--
INFO: ReadHtmlCache Behavior ::run [ RunTime:0.000418s ]
INFO: [ app_begin ] --END-- [ RunTime:0.000473s ]
SQL: SHOW COLUMNS FROM `dd_dd` [ RunTime:0.002328s ]
SQL: SELECT dd_Users.uid,`teaid`,`name`,`title`,`college`,`idcard`,`mobi`,`phone`,`email`,`pos`,`group`,`did` FROM `dd_dd` LEFT JOIN dd_Users on dd_Dd.uid = dd_Users.uid WHERE ( `year` = 2014 ) AND ( `term` = '秋季' ) AND ( `role` = 2 ) ORDER BY `group` asc, pos desc  [ RunTime:0.001582s ]
SQL: SHOW COLUMNS FROM `dd_users` [ RunTime:0.002115s ]
SQL: SELECT `uid`,`teaid`,`name`,`college`,`title`,`idcard`,`phone`,`mobi`,`email` FROM `dd_users` WHERE ( `role` = 2 ) AND ( `uid` NOT IN ('11','8') ) ORDER BY uid asc  [ RunTime:0.000775s ]
SQL: SHOW COLUMNS FROM `dd_dgroup` [ RunTime:0.001992s ]
SQL: SELECT * FROM `dd_dgroup`  [ RunTime:0.000853s ]
INFO: [ view_parse ] --START--
INFO: ParseTemplate Behavior ::run [ RunTime:0.024899s ]
INFO: [ view_parse ] --END-- [ RunTime:0.024992s ]
INFO: [ view_filter ] --START--
INFO: ContentReplace Behavior ::run [ RunTime:0.000891s ]
INFO: TokenBuild Behavior ::run [ RunTime:0.000823s ]
INFO: WriteHtmlCache Behavior ::run [ RunTime:0.000567s ]
INFO: ShowRuntime Behavior ::run [ RunTime:0.000731s ]
INFO: [ view_filter ] --END-- [ RunTime:0.003182s ]
INFO: [ view_end ] --START--
INFO: ShowPageTrace Behavior ::run [ RunTime:0.000836s ]
INFO: [ view_end ] --END-- [ RunTime:0.000891s ]

[ 2014-12-20T22:42:17+08:00 ] 127.0.0.1 /jwcdd/index.php/User/user_dd.html
INFO: [ route_check ] --START--
INFO: CheckRoute Behavior ::run [ RunTime:0.000739s ]
INFO: [ route_check ] --END-- [ RunTime:0.000825s ]
INFO: [ app_begin ] --START--
INFO: ReadHtmlCache Behavior ::run [ RunTime:0.000428s ]
INFO: [ app_begin ] --END-- [ RunTime:0.000486s ]
SQL: SHOW COLUMNS FROM `dd_dd` [ RunTime:0.001949s ]
SQL: SELECT dd_Users.uid,`teaid`,`name`,`title`,`college`,`idcard`,`mobi`,`phone`,`email`,`pos`,`group`,`did` FROM `dd_dd` LEFT JOIN dd_Users on dd_Dd.uid = dd_Users.uid WHERE ( `year` = 2014 ) AND ( `term` = '秋季' ) AND ( `role` = 2 ) ORDER BY `group` asc, pos desc  [ RunTime:0.000810s ]
SQL: SHOW COLUMNS FROM `dd_users` [ RunTime:0.001768s ]
SQL: SELECT `uid`,`teaid`,`name`,`college`,`title`,`idcard`,`phone`,`mobi`,`email` FROM `dd_users` WHERE ( `role` = 2 ) AND ( `uid` NOT IN ('1','3','11','8') ) ORDER BY uid asc  [ RunTime:0.000825s ]
SQL: SHOW COLUMNS FROM `dd_dgroup` [ RunTime:0.001783s ]
SQL: SELECT * FROM `dd_dgroup`  [ RunTime:0.000889s ]
INFO: [ view_parse ] --START--
INFO: ParseTemplate Behavior ::run [ RunTime:0.022667s ]
INFO: [ view_parse ] --END-- [ RunTime:0.022751s ]
INFO: [ view_filter ] --START--
INFO: ContentReplace Behavior ::run [ RunTime:0.000478s ]
INFO: TokenBuild Behavior ::run [ RunTime:0.000492s ]
INFO: WriteHtmlCache Behavior ::run [ RunTime:0.000200s ]
INFO: ShowRuntime Behavior ::run [ RunTime:0.000390s ]
INFO: [ view_filter ] --END-- [ RunTime:0.001708s ]
INFO: [ view_end ] --START--
INFO: ShowPageTrace Behavior ::run [ RunTime:0.000458s ]
INFO: [ view_end ] --END-- [ RunTime:0.000510s ]

[ 2014-12-20T22:45:15+08:00 ] 127.0.0.1 /jwcdd/index.php/User/user_modify.html
INFO: [ route_check ] --START--
INFO: CheckRoute Behavior ::run [ RunTime:0.001045s ]
INFO: [ route_check ] --END-- [ RunTime:0.001145s ]
INFO: [ app_begin ] --START--
INFO: ReadHtmlCache Behavior ::run [ RunTime:0.001219s ]
INFO: [ app_begin ] --END-- [ RunTime:0.001298s ]
NOTIC: [8] Constant THEME_NAME already defined F:\wamp\www\jwcdd\ThinkPHP\Lib\Core\View.class.php 第 223 行.
NOTIC: [8] Constant THEME_PATH already defined F:\wamp\www\jwcdd\ThinkPHP\Lib\Core\View.class.php 第 174 行.
NOTIC: [8] Constant APP_TMPL_PATH already defined F:\wamp\www\jwcdd\ThinkPHP\Lib\Core\View.class.php 第 175 行.
INFO: [ view_parse ] --START--
INFO: ParseTemplate Behavior ::run [ RunTime:0.021211s ]
INFO: [ view_parse ] --END-- [ RunTime:0.021315s ]
INFO: [ view_filter ] --START--
INFO: ContentReplace Behavior ::run [ RunTime:0.000868s ]
INFO: TokenBuild Behavior ::run [ RunTime:0.000817s ]
INFO: WriteHtmlCache Behavior ::run [ RunTime:0.000634s ]
INFO: ShowRuntime Behavior ::run [ RunTime:0.000798s ]
INFO: [ view_filter ] --END-- [ RunTime:0.003282s ]
INFO: [ view_end ] --START--
INFO: ShowPageTrace Behavior ::run [ RunTime:0.000832s ]
INFO: [ view_end ] --END-- [ RunTime:0.000907s ]

[ 2014-12-20T22:45:23+08:00 ] 127.0.0.1 /jwcdd/index.php/User/user_dd.html
INFO: [ route_check ] --START--
INFO: CheckRoute Behavior ::run [ RunTime:0.001035s ]
INFO: [ route_check ] --END-- [ RunTime:0.001116s ]
INFO: [ app_begin ] --START--
INFO: ReadHtmlCache Behavior ::run [ RunTime:0.000742s ]
INFO: [ app_begin ] --END-- [ RunTime:0.000799s ]
SQL: SHOW COLUMNS FROM `dd_dd` [ RunTime:0.002225s ]
SQL: SELECT dd_Users.uid,`teaid`,`name`,`title`,`college`,`idcard`,`mobi`,`phone`,`email`,`pos`,`group`,`did` FROM `dd_dd` LEFT JOIN dd_Users on dd_Dd.uid = dd_Users.uid WHERE ( `year` = 2014 ) AND ( `term` = '秋季' ) AND ( `role` = 2 ) ORDER BY `group` asc, pos desc  [ RunTime:0.000895s ]
SQL: SHOW COLUMNS FROM `dd_users` [ RunTime:0.001901s ]
SQL: SELECT `uid`,`teaid`,`name`,`college`,`title`,`idcard`,`phone`,`mobi`,`email` FROM `dd_users` WHERE ( `role` = 2 ) AND ( `uid` NOT IN ('1','3','11','8') ) ORDER BY uid asc  [ RunTime:0.000794s ]
SQL: SHOW COLUMNS FROM `dd_dgroup` [ RunTime:0.001697s ]
SQL: SELECT * FROM `dd_dgroup`  [ RunTime:0.000957s ]
INFO: [ view_parse ] --START--
INFO: ParseTemplate Behavior ::run [ RunTime:0.024889s ]
INFO: [ view_parse ] --END-- [ RunTime:0.024977s ]
INFO: [ view_filter ] --START--
INFO: ContentReplace Behavior ::run [ RunTime:0.000845s ]
INFO: TokenBuild Behavior ::run [ RunTime:0.000850s ]
INFO: WriteHtmlCache Behavior ::run [ RunTime:0.000563s ]
INFO: ShowRuntime Behavior ::run [ RunTime:0.000729s ]
INFO: [ view_filter ] --END-- [ RunTime:0.003145s ]
INFO: [ view_end ] --START--
INFO: ShowPageTrace Behavior ::run [ RunTime:0.000785s ]
INFO: [ view_end ] --END-- [ RunTime:0.000838s ]

[ 2014-12-20T22:46:09+08:00 ] 127.0.0.1 /jwcdd/index.php/User/user.html
INFO: [ route_check ] --START--
INFO: CheckRoute Behavior ::run [ RunTime:0.001077s ]
INFO: [ route_check ] --END-- [ RunTime:0.001158s ]
INFO: [ app_begin ] --START--
INFO: ReadHtmlCache Behavior ::run [ RunTime:0.000954s ]
INFO: [ app_begin ] --END-- [ RunTime:0.001032s ]
INFO: [ view_parse ] --START--
INFO: ParseTemplate Behavior ::run [ RunTime:0.038901s ]
INFO: [ view_parse ] --END-- [ RunTime:0.039002s ]
INFO: [ view_filter ] --START--
INFO: ContentReplace Behavior ::run [ RunTime:0.000778s ]
INFO: TokenBuild Behavior ::run [ RunTime:0.000709s ]
INFO: WriteHtmlCache Behavior ::run [ RunTime:0.000585s ]
INFO: ShowRuntime Behavior ::run [ RunTime:0.000763s ]
INFO: [ view_filter ] --END-- [ RunTime:0.002995s ]
INFO: [ view_end ] --START--
INFO: ShowPageTrace Behavior ::run [ RunTime:0.001101s ]
INFO: [ view_end ] --END-- [ RunTime:0.001184s ]

[ 2014-12-20T22:46:20+08:00 ] 127.0.0.1 /jwcdd/index.php/User/editUser.html
INFO: [ route_check ] --START--
INFO: CheckRoute Behavior ::run [ RunTime:0.000980s ]
INFO: [ route_check ] --END-- [ RunTime:0.001061s ]
INFO: [ app_begin ] --START--
INFO: ReadHtmlCache Behavior ::run [ RunTime:0.000738s ]
INFO: [ app_begin ] --END-- [ RunTime:0.000797s ]
SQL: SHOW COLUMNS FROM `dd_users` [ RunTime:0.002121s ]
NOTIC: 建议使用I方法替代_post
NOTIC: 建议使用I方法替代_post
NOTIC: 建议使用I方法替代_post
NOTIC: 建议使用I方法替代_post
NOTIC: 建议使用I方法替代_post
NOTIC: 建议使用I方法替代_post
NOTIC: 建议使用I方法替代_post
NOTIC: 建议使用I方法替代_post
NOTIC: 建议使用I方法替代_post
NOTIC: 建议使用I方法替代_post
SQL: UPDATE `dd_users` SET `role`=null,`teaid`=null,`name`=null,`title`=null,`college`=null,`idcard`=null,`mobi`=null,`phone`=null,`email`=null WHERE ( `uid` = null ) [ RunTime:0.000516s ]

[ 2014-12-20T22:46:20+08:00 ] 127.0.0.1 /jwcdd/index.php/User/user_dd.html
INFO: [ route_check ] --START--
INFO: CheckRoute Behavior ::run [ RunTime:0.000636s ]
INFO: [ route_check ] --END-- [ RunTime:0.000713s ]
INFO: [ app_begin ] --START--
INFO: ReadHtmlCache Behavior ::run [ RunTime:0.000407s ]
INFO: [ app_begin ] --END-- [ RunTime:0.000462s ]
SQL: SHOW COLUMNS FROM `dd_dd` [ RunTime:0.002268s ]
SQL: SELECT dd_Users.uid,`teaid`,`name`,`title`,`college`,`idcard`,`mobi`,`phone`,`email`,`pos`,`group`,`did` FROM `dd_dd` LEFT JOIN dd_Users on dd_Dd.uid = dd_Users.uid WHERE ( `year` = 2014 ) AND ( `term` = '秋季' ) AND ( `role` = 2 ) ORDER BY `group` asc, pos desc  [ RunTime:0.001104s ]
SQL: SHOW COLUMNS FROM `dd_users` [ RunTime:0.001813s ]
SQL: SELECT `uid`,`teaid`,`name`,`college`,`title`,`idcard`,`phone`,`mobi`,`email` FROM `dd_users` WHERE ( `role` = 2 ) AND ( `uid` NOT IN ('1','3','11','8') ) ORDER BY uid asc  [ RunTime:0.000831s ]
SQL: SHOW COLUMNS FROM `dd_dgroup` [ RunTime:0.001777s ]
SQL: SELECT * FROM `dd_dgroup`  [ RunTime:0.000890s ]
INFO: [ view_parse ] --START--
INFO: ParseTemplate Behavior ::run [ RunTime:0.025698s ]
INFO: [ view_parse ] --END-- [ RunTime:0.025790s ]
INFO: [ view_filter ] --START--
INFO: ContentReplace Behavior ::run [ RunTime:0.000915s ]
INFO: TokenBuild Behavior ::run [ RunTime:0.000844s ]
INFO: WriteHtmlCache Behavior ::run [ RunTime:0.000565s ]
INFO: ShowRuntime Behavior ::run [ RunTime:0.000714s ]
INFO: [ view_filter ] --END-- [ RunTime:0.003193s ]
INFO: [ view_end ] --START--
INFO: ShowPageTrace Behavior ::run [ RunTime:0.000792s ]
INFO: [ view_end ] --END-- [ RunTime:0.000845s ]

[ 2014-12-20T22:46:28+08:00 ] 127.0.0.1 /jwcdd/index.php/User/user.html
INFO: [ route_check ] --START--
INFO: CheckRoute Behavior ::run [ RunTime:0.000622s ]
INFO: [ route_check ] --END-- [ RunTime:0.000701s ]
INFO: [ app_begin ] --START--
INFO: ReadHtmlCache Behavior ::run [ RunTime:0.000394s ]
INFO: [ app_begin ] --END-- [ RunTime:0.000465s ]
INFO: [ view_parse ] --START--
INFO: ParseTemplate Behavior ::run [ RunTime:0.016118s ]
INFO: [ view_parse ] --END-- [ RunTime:0.016206s ]
INFO: [ view_filter ] --START--
INFO: ContentReplace Behavior ::run [ RunTime:0.000421s ]
INFO: TokenBuild Behavior ::run [ RunTime:0.000369s ]
INFO: WriteHtmlCache Behavior ::run [ RunTime:0.000200s ]
INFO: ShowRuntime Behavior ::run [ RunTime:0.000382s ]
INFO: [ view_filter ] --END-- [ RunTime:0.001523s ]
INFO: [ view_end ] --START--
INFO: ShowPageTrace Behavior ::run [ RunTime:0.000583s ]
INFO: [ view_end ] --END-- [ RunTime:0.000640s ]

[ 2014-12-20T22:46:32+08:00 ] 127.0.0.1 /jwcdd/index.php/User/editUser.html
INFO: [ route_check ] --START--
INFO: CheckRoute Behavior ::run [ RunTime:0.000644s ]
INFO: [ route_check ] --END-- [ RunTime:0.000726s ]
INFO: [ app_begin ] --START--
INFO: ReadHtmlCache Behavior ::run [ RunTime:0.000421s ]
INFO: [ app_begin ] --END-- [ RunTime:0.000478s ]
SQL: SHOW COLUMNS FROM `dd_users` [ RunTime:0.002248s ]
NOTIC: 建议使用I方法替代_post
NOTIC: 建议使用I方法替代_post
NOTIC: 建议使用I方法替代_post
NOTIC: 建议使用I方法替代_post
NOTIC: 建议使用I方法替代_post
NOTIC: 建议使用I方法替代_post
NOTIC: 建议使用I方法替代_post
NOTIC: 建议使用I方法替代_post
NOTIC: 建议使用I方法替代_post
NOTIC: 建议使用I方法替代_post
SQL: UPDATE `dd_users` SET `role`=null,`teaid`=null,`name`=null,`title`=null,`college`=null,`idcard`=null,`mobi`=null,`phone`=null,`email`=null WHERE ( `uid` = null ) [ RunTime:0.000676s ]

[ 2014-12-20T22:46:32+08:00 ] 127.0.0.1 /jwcdd/index.php/User/user_dd.html
INFO: [ route_check ] --START--
INFO: CheckRoute Behavior ::run [ RunTime:0.000660s ]
INFO: [ route_check ] --END-- [ RunTime:0.000745s ]
INFO: [ app_begin ] --START--
INFO: ReadHtmlCache Behavior ::run [ RunTime:0.000423s ]
INFO: [ app_begin ] --END-- [ RunTime:0.000480s ]
SQL: SHOW COLUMNS FROM `dd_dd` [ RunTime:0.002284s ]
SQL: SELECT dd_Users.uid,`teaid`,`name`,`title`,`college`,`idcard`,`mobi`,`phone`,`email`,`pos`,`group`,`did` FROM `dd_dd` LEFT JOIN dd_Users on dd_Dd.uid = dd_Users.uid WHERE ( `year` = 2014 ) AND ( `term` = '秋季' ) AND ( `role` = 2 ) ORDER BY `group` asc, pos desc  [ RunTime:0.001816s ]
SQL: SHOW COLUMNS FROM `dd_users` [ RunTime:0.002073s ]
SQL: SELECT `uid`,`teaid`,`name`,`college`,`title`,`idcard`,`phone`,`mobi`,`email` FROM `dd_users` WHERE ( `role` = 2 ) AND ( `uid` NOT IN ('1','3','11','8') ) ORDER BY uid asc  [ RunTime:0.000865s ]
SQL: SHOW COLUMNS FROM `dd_dgroup` [ RunTime:0.002034s ]
SQL: SELECT * FROM `dd_dgroup`  [ RunTime:0.001114s ]
INFO: [ view_parse ] --START--
INFO: ParseTemplate Behavior ::run [ RunTime:0.022583s ]
INFO: [ view_parse ] --END-- [ RunTime:0.022674s ]
INFO: [ view_filter ] --START--
INFO: ContentReplace Behavior ::run [ RunTime:0.000519s ]
INFO: TokenBuild Behavior ::run [ RunTime:0.000497s ]
INFO: WriteHtmlCache Behavior ::run [ RunTime:0.000217s ]
INFO: ShowRuntime Behavior ::run [ RunTime:0.000373s ]
INFO: [ view_filter ] --END-- [ RunTime:0.001770s ]
INFO: [ view_end ] --START--
INFO: ShowPageTrace Behavior ::run [ RunTime:0.000498s ]
INFO: [ view_end ] --END-- [ RunTime:0.000549s ]

[ 2014-12-20T22:46:35+08:00 ] 127.0.0.1 /jwcdd/index.php/User/user.html
INFO: [ route_check ] --START--
INFO: CheckRoute Behavior ::run [ RunTime:0.000723s ]
INFO: [ route_check ] --END-- [ RunTime:0.000815s ]
INFO: [ app_begin ] --START--
INFO: ReadHtmlCache Behavior ::run [ RunTime:0.000443s ]
INFO: [ app_begin ] --END-- [ RunTime:0.000500s ]
INFO: [ view_parse ] --START--
INFO: ParseTemplate Behavior ::run [ RunTime:0.040224s ]
INFO: [ view_parse ] --END-- [ RunTime:0.040320s ]
INFO: [ view_filter ] --START--
INFO: ContentReplace Behavior ::run [ RunTime:0.000422s ]
INFO: TokenBuild Behavior ::run [ RunTime:0.000400s ]
INFO: WriteHtmlCache Behavior ::run [ RunTime:0.000202s ]
INFO: ShowRuntime Behavior ::run [ RunTime:0.000441s ]
INFO: [ view_filter ] --END-- [ RunTime:0.001635s ]
INFO: [ view_end ] --START--
INFO: ShowPageTrace Behavior ::run [ RunTime:0.000692s ]
INFO: [ view_end ] --END-- [ RunTime:0.000768s ]

[ 2014-12-20T22:46:41+08:00 ] 127.0.0.1 /jwcdd/index.php/User/editUser.html
INFO: [ route_check ] --START--
INFO: CheckRoute Behavior ::run [ RunTime:0.000626s ]
INFO: [ route_check ] --END-- [ RunTime:0.000704s ]
INFO: [ app_begin ] --START--
INFO: ReadHtmlCache Behavior ::run [ RunTime:0.000423s ]
INFO: [ app_begin ] --END-- [ RunTime:0.000479s ]
SQL: SHOW COLUMNS FROM `dd_users` [ RunTime:0.002085s ]
NOTIC: 建议使用I方法替代_post
NOTIC: 建议使用I方法替代_post
NOTIC: 建议使用I方法替代_post
NOTIC: 建议使用I方法替代_post
NOTIC: 建议使用I方法替代_post
NOTIC: 建议使用I方法替代_post
NOTIC: 建议使用I方法替代_post
NOTIC: 建议使用I方法替代_post
NOTIC: 建议使用I方法替代_post
NOTIC: 建议使用I方法替代_post
SQL: UPDATE `dd_users` SET `role`=null,`teaid`=null,`name`=null,`title`=null,`college`=null,`idcard`=null,`mobi`=null,`phone`=null,`email`=null WHERE ( `uid` = null ) [ RunTime:0.000535s ]

[ 2014-12-20T22:46:41+08:00 ] 127.0.0.1 /jwcdd/index.php/User/user_dd.html
INFO: [ route_check ] --START--
INFO: CheckRoute Behavior ::run [ RunTime:0.000640s ]
INFO: [ route_check ] --END-- [ RunTime:0.000717s ]
INFO: [ app_begin ] --START--
INFO: ReadHtmlCache Behavior ::run [ RunTime:0.000402s ]
INFO: [ app_begin ] --END-- [ RunTime:0.000457s ]
SQL: SHOW COLUMNS FROM `dd_dd` [ RunTime:0.001921s ]
SQL: SELECT dd_Users.uid,`teaid`,`name`,`title`,`college`,`idcard`,`mobi`,`phone`,`email`,`pos`,`group`,`did` FROM `dd_dd` LEFT JOIN dd_Users on dd_Dd.uid = dd_Users.uid WHERE ( `year` = 2014 ) AND ( `term` = '秋季' ) AND ( `role` = 2 ) ORDER BY `group` asc, pos desc  [ RunTime:0.000752s ]
SQL: SHOW COLUMNS FROM `dd_users` [ RunTime:0.001688s ]
SQL: SELECT `uid`,`teaid`,`name`,`college`,`title`,`idcard`,`phone`,`mobi`,`email` FROM `dd_users` WHERE ( `role` = 2 ) AND ( `uid` NOT IN ('1','3','11','8') ) ORDER BY uid asc  [ RunTime:0.000733s ]
SQL: SHOW COLUMNS FROM `dd_dgroup` [ RunTime:0.001589s ]
SQL: SELECT * FROM `dd_dgroup`  [ RunTime:0.000886s ]
INFO: [ view_parse ] --START--
INFO: ParseTemplate Behavior ::run [ RunTime:0.023686s ]
INFO: [ view_parse ] --END-- [ RunTime:0.023778s ]
INFO: [ view_filter ] --START--
INFO: ContentReplace Behavior ::run [ RunTime:0.000564s ]
INFO: TokenBuild Behavior ::run [ RunTime:0.000512s ]
INFO: WriteHtmlCache Behavior ::run [ RunTime:0.000202s ]
INFO: ShowRuntime Behavior ::run [ RunTime:0.000372s ]
INFO: [ view_filter ] --END-- [ RunTime:0.001829s ]
INFO: [ view_end ] --START--
INFO: ShowPageTrace Behavior ::run [ RunTime:0.000556s ]
INFO: [ view_end ] --END-- [ RunTime:0.000608s ]

[ 2014-12-20T22:46:44+08:00 ] 127.0.0.1 /jwcdd/index.php/User/user.html
INFO: [ route_check ] --START--
INFO: CheckRoute Behavior ::run [ RunTime:0.001060s ]
INFO: [ route_check ] --END-- [ RunTime:0.001145s ]
INFO: [ app_begin ] --START--
INFO: ReadHtmlCache Behavior ::run [ RunTime:0.000770s ]
INFO: [ app_begin ] --END-- [ RunTime:0.000830s ]
INFO: [ view_parse ] --START--
INFO: ParseTemplate Behavior ::run [ RunTime:0.018674s ]
INFO: [ view_parse ] --END-- [ RunTime:0.018764s ]
INFO: [ view_filter ] --START--
INFO: ContentReplace Behavior ::run [ RunTime:0.000786s ]
INFO: TokenBuild Behavior ::run [ RunTime:0.000725s ]
INFO: WriteHtmlCache Behavior ::run [ RunTime:0.000548s ]
INFO: ShowRuntime Behavior ::run [ RunTime:0.000765s ]
INFO: [ view_filter ] --END-- [ RunTime:0.002996s ]
INFO: [ view_end ] --START--
INFO: ShowPageTrace Behavior ::run [ RunTime:0.000936s ]
INFO: [ view_end ] --END-- [ RunTime:0.001000s ]

